2024-09-22 22:27:09,963 - INFO - Renamed 'dasd.html' to '1. 1-Pot_Chicken_and_Rice.html'
2024-09-22 22:27:10,203 - INFO - Renamed 'sda.html' to '2. Beef_Stew_Recipe.html'
2024-09-22 22:27:10,487 - INFO - Renamed 'dsadas.html' to '3. The_Ragu_of_Dreams.html'
2024-09-22 22:27:10,758 - INFO - Renamed 'dasdad.html' to '4. Unbelievable_Short_Ribs_&_Potatoes.html'
2024-09-22 22:27:11,043 - INFO - Renamed 'fdsfrhr.html' to '5. Potato_Breakfast.html'
2024-09-22 22:27:11,317 - INFO - Renamed 'rgegeger.html' to '6. Updated_2024_Nutrition_&_Lifestyle_Protocol.html'
2024-09-22 22:27:11,593 - INFO - Renamed 'rgergreg.html' to '7. Sleep.html'
2024-09-22 22:27:11,866 - INFO - Renamed 'fwr.html' to '8. Rest_Intervals.html'
2024-09-22 22:27:12,161 - INFO - Renamed 'rwr.html' to '9. Nutrition.html'
2024-09-22 22:30:11,790 - INFO - Renamed 'The Bodyweight Tribe.html' to '1. 1-Pot_Chicken_and_Rice.html'
2024-09-22 22:30:12,106 - INFO - Renamed 'dsfsd.html' to '2. Beef_Stew_Recipe.html'
2024-09-22 22:30:12,516 - INFO - Renamed 'ee.html' to '3. The_Ragu_of_Dreams.html'
2024-09-22 22:30:12,897 - INFO - Renamed 'fefef.html' to '4. Unbelievable_Short_Ribs_&_Potatoes.html'
2024-09-22 22:30:13,298 - INFO - Renamed 'efef.html' to '5. Potato_Breakfast.html'
2024-09-22 22:30:13,667 - INFO - Renamed 'efefefef.html' to '6. Updated_2024_Nutrition_&_Lifestyle_Protocol.html'
2024-09-22 22:30:14,009 - INFO - Renamed 'hh.html' to '7. Sleep.html'
2024-09-22 22:30:14,369 - INFO - Renamed 'hcgfb.html' to '8. Rest_Intervals.html'
2024-09-22 22:30:14,772 - INFO - Renamed 'gdbb.html' to '9. Nutrition.html'
2024-09-22 22:34:39,676 - INFO - Renamed 'dad.html' to 'Nutrition.html'
2024-09-22 22:34:40,044 - INFO - Renamed 'ffsf.html' to 'Rest_Intervals.html'
2024-09-22 22:34:40,378 - INFO - Renamed 'gdsg.html' to 'Sleep.html'
2024-09-22 22:34:40,716 - INFO - Renamed 'nnnf.html' to 'Updated_2024_Nutrition_&_Lifestyle_Protocol.html'
2024-09-22 22:34:41,124 - INFO - Renamed 'ghdhdhf.html' to 'Potato_Breakfast.html'
2024-09-22 22:34:41,486 - INFO - Renamed 'htrhr.html' to 'Unbelievable_Short_Ribs_&_Potatoes.html'
2024-09-22 22:34:41,839 - INFO - Renamed 'eryryrh.html' to 'The_Ragu_of_Dreams.html'
2024-09-22 22:34:42,177 - INFO - Renamed 'gdfgdg.html' to 'Beef_Stew_Recipe.html'
2024-09-22 22:34:42,527 - INFO - Renamed 'ghdh.html' to '1-Pot_Chicken_and_Rice.html'
2024-09-25 15:59:34,688 - INFO - Renamed 'The Bodyweight Tribe.html' to '1. Who_is_the_program_for.html'
2024-09-25 15:59:34,702 - INFO - Renamed 'faf.html' to '2. Why_hybrid.html'
2024-09-25 15:59:34,912 - INFO - Renamed 'saf.html' to '3. When_and_how_to_use_the_program.html'
2024-09-25 15:59:35,099 - INFO - Renamed 'fdsaf.html' to '4. Strength_Standards.html'
2024-09-25 15:59:35,319 - INFO - Renamed 'fasdf.html' to '5. Hybrid_Strength_Program.html'
2024-09-25 15:59:35,555 - INFO - Renamed 'dd.html' to '6. Estimated_Training_Maxes.html'
2024-09-25 15:59:35,753 - INFO - Renamed 'dfasf.html' to '7. Effort.html'
2024-09-25 15:59:35,953 - INFO - Renamed 'dsfasfadsf.html' to '8. Forget_Everything.html'
2024-09-25 15:59:36,165 - INFO - Renamed 'fsfff.html' to '9. Week_1.html'
2024-09-25 15:59:36,390 - INFO - Renamed 'ssssd.html' to '10. Progression_Model.html'
2024-09-25 15:59:36,656 - INFO - Renamed 'dfsf.html' to '11. Nutrition.html'
2024-09-25 15:59:36,899 - INFO - Renamed 'ffffeee.html' to '12. Rest_Intervals.html'
2024-09-25 15:59:37,160 - INFO - Renamed 'ffff.html' to '13. Alternatives.html'
2024-09-25 15:59:37,413 - INFO - Renamed 'eqeqwrd.html' to '14. Sleep.html'
2024-09-25 15:59:37,662 - INFO - Renamed 'fvvv.html' to '15. Training_Split.html'
2024-09-25 15:59:37,910 - INFO - Renamed 'fugfgg.html' to '16. Updated_2024_Nutrition_&_Lifestyle_Protocol.html'
